<?xml version="1.0" encoding="UTF-8"?>
<!-- Generated by org.testng.reporters.JUnitXMLReporter -->
<testsuite ignored="3" hostname="DESKTOP-1QE34US" failures="0" tests="1" name="Default test" time="0.055" errors="0" timestamp="2025-01-09T18:29:09 IST">
  <testcase classname="AutomationProjects.Tests.PracticeTests" name="test3" time="0.013"/>
  <testcase classname="AutomationProjects.Tests.PracticeTests" name="test1" time="0.0">
    <ignored/>
  </testcase> <!-- test1 -->
  <testcase classname="AutomationProjects.Tests.PracticeTests" name="test4" time="0.0">
    <ignored/>
  </testcase> <!-- test4 -->
  <testcase classname="AutomationProjects.Tests.PracticeTests" name="test2" time="0.0">
    <ignored/>
  </testcase> <!-- test2 -->
</testsuite> <!-- Default test -->
