<?xml version="1.0" encoding="UTF-8"?>
<!-- Generated by org.testng.reporters.JUnitXMLReporter -->
<testsuite ignored="2" hostname="DESKTOP-4M1OB9K" failures="0" tests="0" time="3.047" errors="0" timestamp="2024-07-07T12:09:35 IST">
  <testcase classname="AutomationProjects.Tests.ErrorValidationsTest" name="LoginErrorValidation" time="0.0">
    <ignored/>
  </testcase> <!-- LoginErrorValidation -->
  <testcase classname="AutomationProjects.Tests.ErrorValidationsTest" name="ProductErrorValidation" time="0.0">
    <ignored/>
  </testcase> <!-- ProductErrorValidation -->
</testsuite>
