<?xml version="1.0" encoding="UTF-8"?>
<testng-results ignored="3" total="4" passed="1" failed="0" skipped="0">
  <reporter-output>
  </reporter-output>
  <suite started-at="2025-01-09T18:29:09 IST" name="Default suite" finished-at="2025-01-09T18:29:09 IST" duration-ms="55">
    <groups>
    </groups>
    <test started-at="2025-01-09T18:29:09 IST" name="Default test" finished-at="2025-01-09T18:29:09 IST" duration-ms="55">
      <class name="AutomationProjects.Tests.PracticeTests">
        <test-method signature="test3()[pri:0, instance:AutomationProjects.Tests.PracticeTests@ea6147e]" started-at="2025-01-09T18:29:09 IST" name="test3" finished-at="2025-01-09T18:29:09 IST" duration-ms="13" status="PASS">
          <reporter-output>
          </reporter-output>
        </test-method> <!-- test3 -->
      </class> <!-- AutomationProjects.Tests.PracticeTests -->
    </test> <!-- Default test -->
  </suite> <!-- Default suite -->
</testng-results>
